mktextfm Pompiere-Regular
mktextfm Pompiere-Regular
mktextfm Pompiere-Regular
mktextfm Pompiere-Regular/BI
mktextfm Pompiere-Regular
mktextfm Pompiere-Regular/I
mktextfm Pompiere-Regular
mktextfm Pompiere-Regular
mktextfm Pompiere-Regular
mktextfm Pompiere-Regular
mktextfm Pompiere-Regular
mktextfm Pompiere-Regular
mktextfm Pompiere-Regular
mktextfm Pompiere-Regular
mktextfm Pompiere-Regular
mktextfm Pompiere-Regular
mktextfm Pompiere-Regular
mktextfm HindMadurai-SemiBold
mktextfm HindMadurai-SemiBold/I
mktextfm Pompiere-Regular
mktextfm Pompiere-Regular/BI
mktextfm Pompiere-Regular
mktextfm Pompiere-Regular/I
mktextfm Pompiere-Regular
mktextfm Pompiere-Regular
mktextfm HindMadurai-SemiBold
mktextfm HindMadurai-SemiBold
mktextfm Pompiere-Regular
mktextfm Pompiere-Regular
mktextfm Pompiere-Regular
mktextfm Pompiere-Regular
mktextfm HindMadurai-SemiBold
mktextfm HindMadurai-SemiBold
mktextfm Pompiere-Regular
mktextfm Pompiere-Regular
mktextfm Pompiere-Regular
mktextfm Pompiere-Regular
mktextfm Pompiere-Regular
mktextfm Pompiere-Regular/BI
mktextfm Pompiere-Regular
mktextfm Pompiere-Regular/I
mktextfm Pompiere-Regular
mktextfm Pompiere-Regular
mktextfm Pompiere-Regular
mktextfm Pompiere-Regular
mktextfm Pompiere-Regular
mktextfm Pompiere-Regular
mktextfm Pompiere-Regular
mktextfm Pompiere-Regular
